<?xml version="1.0" encoding="UTF-8"?>
<!-- Generated by org.testng.reporters.JUnitReportReporter -->
<testsuite hostname="LAPTOP-K4DV1BSP" failures="0" tests="2" name="tc_test.TcTest" time="11.016" errors="0" timestamp="2024-04-15T19:49:03 IST" skipped="0">
  <testcase classname="tc_test.TcTest" name="register" time="8.152"/>
  <system-out/>
  <testcase classname="tc_test.TcTest" name="titleVerification" time="2.864"/>
  <system-out/>
</testsuite> <!-- tc_test.TcTest -->
